# JRE version: OpenJDK Runtime Environment (22.0.2+9) (build 22.0.2+9-70)
# Java VM: OpenJDK 64-Bit Server VM (22.0.2+9-70, mixed mode, sharing, tiered, compressed oops, compressed class ptrs, g1 gc, windows-amd64)
GC Precious Log:
 CardTable entry size: 512
 Card Set container configuration: InlinePtr #cards 5 size 8 Array Of Cards #cards 12 size 40 Howl #buckets 4 coarsen threshold 1843 Howl Bitmap #cards 512 size 80 coarsen threshold 460 Card regions per heap region 1 cards per card region 2048
 CPUs: 8 total, 8 available
 Memory: 7934M
 Large Page Support: Disabled
 NUMA Support: Disabled
 Compressed Oops: Enabled (32-bit)
 Heap Region Size: 1M
 Heap Min Capacity: 8M
 Heap Initial Capacity: 124M
 Heap Max Capacity: 1984M
 Pre-touch: Disabled
 Parallel Workers: 8
 Concurrent Workers: 2
 Concurrent Refinement Workers: 8
 Periodic GC: Disabled
Heap:
 garbage-first heap   total reserved 2031616K, committed 72704K, used 51358K [0x0000000084000000, 0x0000000100000000)
  region size 1024K, 20 young (20480K), 2 survivors (2048K)
 Metaspace       used 79665K, committed 80704K, reserved 1179648K
  class space    used 10691K, committed 11200K, reserved 1048576K
GC Heap History (20 events):
Event: 3292.504 GC heap before
{Heap before GC invocations=32 (full 0):
 garbage-first heap   total reserved 2031616K, committed 72704K, used 63009K [0x0000000084000000, 0x0000000100000000)
  region size 1024K, 31 young (31744K), 2 survivors (2048K)
 Metaspace       used 79397K, committed 80512K, reserved 1179648K
  class space    used 10673K, committed 11200K, reserved 1048576K
}
Event: 3292.508 GC heap after
{Heap after GC invocations=33 (full 0):
 garbage-first heap   total reserved 2031616K, committed 72704K, used 35438K [0x0000000084000000, 0x0000000100000000)
  region size 1024K, 3 young (3072K), 3 survivors (3072K)
 Metaspace       used 79397K, committed 80512K, reserved 1179648K
  class space    used 10673K, committed 11200K, reserved 1048576K
}
Event: 3294.126 GC heap before
{Heap before GC invocations=34 (full 0):
 garbage-first heap   total reserved 2031616K, committed 72704K, used 62062K [0x0000000084000000, 0x0000000100000000)
  region size 1024K, 30 young (30720K), 3 survivors (3072K)
 Metaspace       used 79541K, committed 80576K, reserved 1179648K
  class space    used 10664K, committed 11200K, reserved 1048576K
}
Event: 3294.130 GC heap after
{Heap after GC invocations=35 (full 0):
 garbage-first heap   total reserved 2031616K, committed 72704K, used 35610K [0x0000000084000000, 0x0000000100000000)
  region size 1024K, 2 young (2048K), 2 survivors (2048K)
 Metaspace       used 79541K, committed 80576K, reserved 1179648K
  class space    used 10664K, committed 11200K, reserved 1048576K
}
Event: 3295.771 GC heap before
{Heap before GC invocations=35 (full 0):
 garbage-first heap   total reserved 2031616K, committed 72704K, used 64282K [0x0000000084000000, 0x0000000100000000)
  region size 1024K, 31 young (31744K), 2 survivors (2048K)
 Metaspace       used 79542K, committed 80576K, reserved 1179648K
  class space    used 10664K, committed 11200K, reserved 1048576K
}
Event: 3295.786 GC heap after
{Heap after GC invocations=36 (full 0):
 garbage-first heap   total reserved 2031616K, committed 72704K, used 34779K [0x0000000084000000, 0x0000000100000000)
  region size 1024K, 2 young (2048K), 2 survivors (2048K)
 Metaspace       used 79542K, committed 80576K, reserved 1179648K
  class space    used 10664K, committed 11200K, reserved 1048576K
}
Event: 3297.579 GC heap before
{Heap before GC invocations=36 (full 0):
 garbage-first heap   total reserved 2031616K, committed 72704K, used 64475K [0x0000000084000000, 0x0000000100000000)
  region size 1024K, 32 young (32768K), 2 survivors (2048K)
 Metaspace       used 79550K, committed 80576K, reserved 1179648K
  class space    used 10664K, committed 11200K, reserved 1048576K
}
Event: 3297.614 GC heap after
{Heap after GC invocations=37 (full 0):
 garbage-first heap   total reserved 2031616K, committed 72704K, used 34808K [0x0000000084000000, 0x0000000100000000)
  region size 1024K, 2 young (2048K), 2 survivors (2048K)
 Metaspace       used 79550K, committed 80576K, reserved 1179648K
  class space    used 10664K, committed 11200K, reserved 1048576K
}
Event: 3299.420 GC heap before
{Heap before GC invocations=38 (full 0):
 garbage-first heap   total reserved 2031616K, committed 72704K, used 64504K [0x0000000084000000, 0x0000000100000000)
  region size 1024K, 32 young (32768K), 2 survivors (2048K)
 Metaspace       used 79550K, committed 80576K, reserved 1179648K
  class space    used 10664K, committed 11200K, reserved 1048576K
}
Event: 3299.423 GC heap after
{Heap after GC invocations=39 (full 0):
 garbage-first heap   total reserved 2031616K, committed 72704K, used 34719K [0x0000000084000000, 0x0000000100000000)
  region size 1024K, 2 young (2048K), 2 survivors (2048K)
 Metaspace       used 79550K, committed 80576K, reserved 1179648K
  class space    used 10664K, committed 11200K, reserved 1048576K
}
Event: 3300.810 GC heap before
{Heap before GC invocations=39 (full 0):
 garbage-first heap   total reserved 2031616K, committed 72704K, used 65439K [0x0000000084000000, 0x0000000100000000)
  region size 1024K, 32 young (32768K), 2 survivors (2048K)
 Metaspace       used 79550K, committed 80576K, reserved 1179648K
  class space    used 10664K, committed 11200K, reserved 1048576K
}
Event: 3300.816 GC heap after
{Heap after GC invocations=40 (full 0):
 garbage-first heap   total reserved 2031616K, committed 72704K, used 34264K [0x0000000084000000, 0x0000000100000000)
  region size 1024K, 2 young (2048K), 2 survivors (2048K)
 Metaspace       used 79550K, committed 80576K, reserved 1179648K
  class space    used 10664K, committed 11200K, reserved 1048576K
}
Event: 3303.241 GC heap before
{Heap before GC invocations=40 (full 0):
 garbage-first heap   total reserved 2031616K, committed 72704K, used 63960K [0x0000000084000000, 0x0000000100000000)
  region size 1024K, 32 young (32768K), 2 survivors (2048K)
 Metaspace       used 79554K, committed 80576K, reserved 1179648K
  class space    used 10664K, committed 11200K, reserved 1048576K
}
Event: 3303.275 GC heap after
{Heap after GC invocations=41 (full 0):
 garbage-first heap   total reserved 2031616K, committed 72704K, used 34369K [0x0000000084000000, 0x0000000100000000)
  region size 1024K, 3 young (3072K), 3 survivors (3072K)
 Metaspace       used 79554K, committed 80576K, reserved 1179648K
  class space    used 10664K, committed 11200K, reserved 1048576K
}
Event: 3305.988 GC heap before
{Heap before GC invocations=42 (full 0):
 garbage-first heap   total reserved 2031616K, committed 72704K, used 63041K [0x0000000084000000, 0x0000000100000000)
  region size 1024K, 31 young (31744K), 3 survivors (3072K)
 Metaspace       used 79554K, committed 80576K, reserved 1179648K
  class space    used 10664K, committed 11200K, reserved 1048576K
}
Event: 3305.990 GC heap after
{Heap after GC invocations=43 (full 0):
 garbage-first heap   total reserved 2031616K, committed 72704K, used 34287K [0x0000000084000000, 0x0000000100000000)
  region size 1024K, 2 young (2048K), 2 survivors (2048K)
 Metaspace       used 79554K, committed 80576K, reserved 1179648K
  class space    used 10664K, committed 11200K, reserved 1048576K
}
Event: 3307.712 GC heap before
{Heap before GC invocations=43 (full 0):
 garbage-first heap   total reserved 2031616K, committed 72704K, used 65007K [0x0000000084000000, 0x0000000100000000)
  region size 1024K, 32 young (32768K), 2 survivors (2048K)
 Metaspace       used 79555K, committed 80576K, reserved 1179648K
  class space    used 10665K, committed 11200K, reserved 1048576K
}
Event: 3307.718 GC heap after
{Heap after GC invocations=44 (full 0):
 garbage-first heap   total reserved 2031616K, committed 72704K, used 33751K [0x0000000084000000, 0x0000000100000000)
  region size 1024K, 2 young (2048K), 2 survivors (2048K)
 Metaspace       used 79555K, committed 80576K, reserved 1179648K
  class space    used 10665K, committed 11200K, reserved 1048576K
}
Event: 3309.618 GC heap before
{Heap before GC invocations=44 (full 0):
 garbage-first heap   total reserved 2031616K, committed 72704K, used 65495K [0x0000000084000000, 0x0000000100000000)
  region size 1024K, 33 young (33792K), 2 survivors (2048K)
 Metaspace       used 79557K, committed 80640K, reserved 1179648K
  class space    used 10665K, committed 11200K, reserved 1048576K
}
Event: 3309.620 GC heap after
{Heap after GC invocations=45 (full 0):
 garbage-first heap   total reserved 2031616K, committed 72704K, used 33950K [0x0000000084000000, 0x0000000100000000)
  region size 1024K, 2 young (2048K), 2 survivors (2048K)
 Metaspace       used 79557K, committed 80640K, reserved 1179648K
  class space    used 10665K, committed 11200K, reserved 1048576K
}

